PREHOOK: query: -- SORT_QUERY_RESULTS

create table count_case_groupby (key string, bool boolean) STORED AS orc
PREHOOK: type: CREATETABLE
PREHOOK: Output: database:default
PREHOOK: Output: default@count_case_groupby
POSTHOOK: query: -- SORT_QUERY_RESULTS

create table count_case_groupby (key string, bool boolean) STORED AS orc
POSTHOOK: type: CREATETABLE
POSTHOOK: Output: database:default
POSTHOOK: Output: default@count_case_groupby
PREHOOK: query: insert into table count_case_groupby values ('key1', true),('key2', false),('key3', NULL),('key4', false),('key5',NULL)
PREHOOK: type: QUERY
PREHOOK: Input: default@values__tmp__table__1
PREHOOK: Output: default@count_case_groupby
POSTHOOK: query: insert into table count_case_groupby values ('key1', true),('key2', false),('key3', NULL),('key4', false),('key5',NULL)
POSTHOOK: type: QUERY
POSTHOOK: Input: default@values__tmp__table__1
POSTHOOK: Output: default@count_case_groupby
POSTHOOK: Lineage: count_case_groupby.bool EXPRESSION [(values__tmp__table__1)values__tmp__table__1.FieldSchema(name:tmp_values_col2, type:string, comment:), ]
POSTHOOK: Lineage: count_case_groupby.key SIMPLE [(values__tmp__table__1)values__tmp__table__1.FieldSchema(name:tmp_values_col1, type:string, comment:), ]
PREHOOK: query: explain
SELECT key, COUNT(CASE WHEN bool THEN 1 WHEN NOT bool THEN 0 ELSE NULL END) AS cnt_bool0_ok FROM count_case_groupby GROUP BY key
PREHOOK: type: QUERY
POSTHOOK: query: explain
SELECT key, COUNT(CASE WHEN bool THEN 1 WHEN NOT bool THEN 0 ELSE NULL END) AS cnt_bool0_ok FROM count_case_groupby GROUP BY key
POSTHOOK: type: QUERY
STAGE DEPENDENCIES:
  Stage-1 is a root stage
  Stage-0 depends on stages: Stage-1

STAGE PLANS:
  Stage: Stage-1
    Map Reduce
      Map Operator Tree:
          TableScan
            alias: count_case_groupby
            Statistics: Num rows: 5 Data size: 452 Basic stats: COMPLETE Column stats: NONE
            Select Operator
              expressions: key (type: string), CASE WHEN (bool) THEN (1) WHEN ((not bool)) THEN (0) ELSE (null) END (type: int)
              outputColumnNames: _col0, _col1
              Statistics: Num rows: 5 Data size: 452 Basic stats: COMPLETE Column stats: NONE
              Group By Operator
                aggregations: count(_col1)
                keys: _col0 (type: string)
                mode: hash
                outputColumnNames: _col0, _col1
                Statistics: Num rows: 5 Data size: 452 Basic stats: COMPLETE Column stats: NONE
                Reduce Output Operator
                  key expressions: _col0 (type: string)
                  sort order: +
                  Map-reduce partition columns: _col0 (type: string)
                  Statistics: Num rows: 5 Data size: 452 Basic stats: COMPLETE Column stats: NONE
                  value expressions: _col1 (type: bigint)
      Execution mode: vectorized
      Reduce Operator Tree:
        Group By Operator
          aggregations: count(VALUE._col0)
          keys: KEY._col0 (type: string)
          mode: mergepartial
          outputColumnNames: _col0, _col1
          Statistics: Num rows: 2 Data size: 180 Basic stats: COMPLETE Column stats: NONE
          File Output Operator
            compressed: false
            Statistics: Num rows: 2 Data size: 180 Basic stats: COMPLETE Column stats: NONE
            table:
                input format: org.apache.hadoop.mapred.SequenceFileInputFormat
                output format: org.apache.hadoop.hive.ql.io.HiveSequenceFileOutputFormat
                serde: org.apache.hadoop.hive.serde2.lazy.LazySimpleSerDe

  Stage: Stage-0
    Fetch Operator
      limit: -1
      Processor Tree:
        ListSink

PREHOOK: query: SELECT key, COUNT(CASE WHEN bool THEN 1 WHEN NOT bool THEN 0 ELSE NULL END) AS cnt_bool0_ok FROM count_case_groupby GROUP BY key
PREHOOK: type: QUERY
PREHOOK: Input: default@count_case_groupby
#### A masked pattern was here ####
POSTHOOK: query: SELECT key, COUNT(CASE WHEN bool THEN 1 WHEN NOT bool THEN 0 ELSE NULL END) AS cnt_bool0_ok FROM count_case_groupby GROUP BY key
POSTHOOK: type: QUERY
POSTHOOK: Input: default@count_case_groupby
#### A masked pattern was here ####
key1	1
key2	1
key3	0
key4	1
key5	0
